<?xml version="1.0" encoding="UTF-8"?>
<coverage generated="1690618715977" clover="3.2.0">
  <project timestamp="1690618715977" name="All files">
    <metrics statements="4" coveredstatements="4" conditionals="4" coveredconditionals="4" methods="1" coveredmethods="1" elements="9" coveredelements="9" complexity="0" loc="4" ncloc="4" packages="1" files="2" classes="2"/>
    <file name="formatPrice.ts" path="/Users/balm/Documents/Codes/Personal/formatnumber-to-naira/src/formatPrice.ts">
      <metrics statements="3" coveredstatements="3" conditionals="4" coveredconditionals="4" methods="1" coveredmethods="1"/>
      <line num="1" count="1" type="stmt"/>
      <line num="2" count="6" type="cond" truecount="4" falsecount="0"/>
      <line num="3" count="6" type="stmt"/>
    </file>
    <file name="index.ts" path="/Users/balm/Documents/Codes/Personal/formatnumber-to-naira/src/index.ts">
      <metrics statements="1" coveredstatements="1" conditionals="0" coveredconditionals="0" methods="0" coveredmethods="0"/>
      <line num="1" count="1" type="stmt"/>
    </file>
  </project>
</coverage>
