{"/Users/balm/Documents/Codes/Personal/formatnumber-to-naira/src/formatPrice.ts": {"path":"/Users/balm/Documents/Codes/Personal/formatnumber-to-naira/src/formatPrice.ts","statementMap":{"0":{"start":{"line":1,"column":27},"end":{"line":7,"column":1}},"1":{"start":{"line":2,"column":2},"end":{"line":2,"column":15}},"2":{"start":{"line":3,"column":2},"end":{"line":6,"column":20}},"3":{"start":{"line":1,"column":13},"end":{"line":1,"column":27}}},"fnMap":{"0":{"name":"(anonymous_0)","decl":{"start":{"line":1,"column":27},"end":{"line":1,"column":28}},"loc":{"start":{"line":1,"column":73},"end":{"line":7,"column":1}}}},"branchMap":{"0":{"loc":{"start":{"line":2,"column":2},"end":{"line":2,"column":15}},"type":"cond-expr","locations":[{"start":{"line":2,"column":2},"end":{"line":2,"column":8}},{"start":{"line":2,"column":2},"end":{"line":2,"column":14}}]},"1":{"loc":{"start":{"line":2,"column":2},"end":{"line":2,"column":13}},"type":"binary-expr","locations":[{"start":{"line":2,"column":2},"end":{"line":2,"column":13}},{"start":{"line":2,"column":2},"end":{"line":2,"column":13}}]}},"s":{"0":1,"1":6,"2":6,"3":1},"f":{"0":6},"b":{"0":[4,2],"1":[6,5]}}
,"/Users/balm/Documents/Codes/Personal/formatnumber-to-naira/src/index.ts": {"path":"/Users/balm/Documents/Codes/Personal/formatnumber-to-naira/src/index.ts","statementMap":{"0":{"start":{"line":1,"column":0},"end":{"line":1,"column":30}}},"fnMap":{},"branchMap":{},"s":{"0":1},"f":{},"b":{}}
}
